2012-03-05 09:44:11 Warning: Warning (2): mysql_connect() [<a href='http://php.net/function.mysql-connect'>function.mysql-connect</a>]: Access denied for user 'root'@'localhost' (using password: YES) in [C:\wamp\www\it-nihongo-t09\japanit\cake\libs\model\datasources\dbo\dbo_mysql.php, line 561]
2012-03-05 09:44:11 Warning: Warning (2): mysql_select_db() expects parameter 2 to be resource, boolean given in [C:\wamp\www\it-nihongo-t09\japanit\cake\libs\model\datasources\dbo\dbo_mysql.php, line 567]
2012-03-05 09:44:11 Warning: Warning (2): mysql_get_server_info() expects parameter 1 to be resource, boolean given in [C:\wamp\www\it-nihongo-t09\japanit\cake\libs\model\datasources\dbo\dbo_mysql.php, line 575]
2012-03-05 09:44:11 Warning: Warning (2): mysql_query() expects parameter 2 to be resource, boolean given in [C:\wamp\www\it-nihongo-t09\japanit\cake\libs\model\datasources\dbo\dbo_mysql.php, line 609]
2012-03-05 09:45:19 Warning: Warning (2): mysql_connect() [<a href='http://php.net/function.mysql-connect'>function.mysql-connect</a>]: Access denied for user 'root'@'localhost' (using password: YES) in [C:\wamp\www\it-nihongo-t09\japanit\cake\libs\model\datasources\dbo\dbo_mysql.php, line 561]
2012-03-05 09:45:19 Warning: Warning (2): mysql_select_db() expects parameter 2 to be resource, boolean given in [C:\wamp\www\it-nihongo-t09\japanit\cake\libs\model\datasources\dbo\dbo_mysql.php, line 567]
2012-03-05 09:45:19 Warning: Warning (2): mysql_get_server_info() expects parameter 1 to be resource, boolean given in [C:\wamp\www\it-nihongo-t09\japanit\cake\libs\model\datasources\dbo\dbo_mysql.php, line 575]
2012-03-05 09:45:19 Warning: Warning (2): mysql_query() expects parameter 2 to be resource, boolean given in [C:\wamp\www\it-nihongo-t09\japanit\cake\libs\model\datasources\dbo\dbo_mysql.php, line 609]
2012-03-05 17:02:48 Warning: Warning (2): mysql_connect() [<a href='http://php.net/function.mysql-connect'>function.mysql-connect</a>]: Access denied for user 'root'@'localhost' (using password: YES) in [C:\xampp\htdocs\it-nihongo-t09\japanit\cake\libs\model\datasources\dbo\dbo_mysql.php, line 561]
2012-03-05 17:02:48 Warning: Warning (2): mysql_select_db() expects parameter 2 to be resource, boolean given in [C:\xampp\htdocs\it-nihongo-t09\japanit\cake\libs\model\datasources\dbo\dbo_mysql.php, line 567]
2012-03-05 17:02:48 Warning: Warning (2): mysql_get_server_info() expects parameter 1 to be resource, boolean given in [C:\xampp\htdocs\it-nihongo-t09\japanit\cake\libs\model\datasources\dbo\dbo_mysql.php, line 575]
2012-03-05 17:02:48 Warning: Warning (2): mysql_query() expects parameter 2 to be resource, boolean given in [C:\xampp\htdocs\it-nihongo-t09\japanit\cake\libs\model\datasources\dbo\dbo_mysql.php, line 609]
2012-03-05 17:02:48 Warning: Warning (2): Cannot modify header information - headers already sent by (output started at C:\xampp\htdocs\it-nihongo-t09\japanit\cake\libs\debugger.php:673) in [C:\xampp\htdocs\it-nihongo-t09\japanit\cake\libs\controller\controller.php, line 742]
2012-03-05 17:02:48 Warning: Warning (2): mysql_connect() [<a href='http://php.net/function.mysql-connect'>function.mysql-connect</a>]: Access denied for user 'root'@'localhost' (using password: YES) in [C:\xampp\htdocs\it-nihongo-t09\japanit\cake\libs\model\datasources\dbo\dbo_mysql.php, line 561]
2012-03-05 17:02:48 Warning: Warning (2): mysql_select_db() expects parameter 2 to be resource, boolean given in [C:\xampp\htdocs\it-nihongo-t09\japanit\cake\libs\model\datasources\dbo\dbo_mysql.php, line 567]
2012-03-05 17:02:48 Warning: Warning (2): mysql_get_server_info() expects parameter 1 to be resource, boolean given in [C:\xampp\htdocs\it-nihongo-t09\japanit\cake\libs\model\datasources\dbo\dbo_mysql.php, line 575]
2012-03-05 17:02:48 Warning: Warning (2): mysql_query() expects parameter 2 to be resource, boolean given in [C:\xampp\htdocs\it-nihongo-t09\japanit\cake\libs\model\datasources\dbo\dbo_mysql.php, line 609]
2012-03-05 17:02:48 Warning: Warning (2): Cannot modify header information - headers already sent by (output started at C:\xampp\htdocs\it-nihongo-t09\japanit\cake\libs\debugger.php:673) in [C:\xampp\htdocs\it-nihongo-t09\japanit\cake\libs\controller\controller.php, line 742]
2012-03-05 17:03:53 Warning: Warning (2): mysql_connect() [<a href='http://php.net/function.mysql-connect'>function.mysql-connect</a>]: Access denied for user 'root'@'localhost' (using password: YES) in [C:\xampp\htdocs\it-nihongo-t09\japanit\cake\libs\model\datasources\dbo\dbo_mysql.php, line 561]
2012-03-05 17:03:53 Warning: Warning (2): mysql_select_db() expects parameter 2 to be resource, boolean given in [C:\xampp\htdocs\it-nihongo-t09\japanit\cake\libs\model\datasources\dbo\dbo_mysql.php, line 567]
2012-03-05 17:03:53 Warning: Warning (2): mysql_get_server_info() expects parameter 1 to be resource, boolean given in [C:\xampp\htdocs\it-nihongo-t09\japanit\cake\libs\model\datasources\dbo\dbo_mysql.php, line 575]
2012-03-05 17:03:53 Warning: Warning (2): mysql_query() expects parameter 2 to be resource, boolean given in [C:\xampp\htdocs\it-nihongo-t09\japanit\cake\libs\model\datasources\dbo\dbo_mysql.php, line 609]
2012-03-05 17:03:53 Warning: Warning (2): Cannot modify header information - headers already sent by (output started at C:\xampp\htdocs\it-nihongo-t09\japanit\cake\libs\debugger.php:673) in [C:\xampp\htdocs\it-nihongo-t09\japanit\cake\libs\controller\controller.php, line 742]
2012-03-05 17:07:48 Warning: Warning (2): Cannot modify header information - headers already sent by (output started at C:\xampp\htdocs\it-nihongo-t09\japanit\cake\libs\debugger.php:673) in [C:\xampp\htdocs\it-nihongo-t09\japanit\cake\libs\controller\controller.php, line 742]
2012-03-05 22:00:22 Warning: Warning (512): <span style="color:Red;text-align:left"><b>SQL Error:</b> 1062: Duplicate entry '0' for key 'PRIMARY'</span> in [C:\xampp\htdocs\it-nihongo-t09\japanit\cake\libs\model\datasources\dbo_source.php, line 684]
2012-03-19 02:11:58 Warning: Warning (512): <span style="color:Red;text-align:left"><b>SQL Error:</b> 1062: Duplicate entry '' for key 'usercode_UNIQUE'</span> in [C:\wamp\www\cake\cake\libs\model\datasources\dbo_source.php, line 684]
2012-03-19 02:15:18 Warning: Warning (512): <span style="color:Red;text-align:left"><b>SQL Error:</b> 1062: Duplicate entry '' for key 'usercode_UNIQUE'</span> in [C:\wamp\www\cake\cake\libs\model\datasources\dbo_source.php, line 684]
2012-03-19 02:52:17 Warning: Warning (512): <span style="color:Red;text-align:left"><b>SQL Error:</b> 1062: Duplicate entry '1' for key 'usercode_UNIQUE'</span> in [C:\wamp\www\cake\cake\libs\model\datasources\dbo_source.php, line 684]
2012-03-19 02:56:04 Warning: Warning (512): <span style="color:Red;text-align:left"><b>SQL Error:</b> 1062: Duplicate entry '1' for key 'usercode_UNIQUE'</span> in [C:\wamp\www\cake\cake\libs\model\datasources\dbo_source.php, line 684]
2012-03-19 02:57:24 Warning: Warning (512): <span style="color:Red;text-align:left"><b>SQL Error:</b> 1062: Duplicate entry '1' for key 'usercode_UNIQUE'</span> in [C:\wamp\www\cake\cake\libs\model\datasources\dbo_source.php, line 684]
2012-03-19 02:59:19 Warning: Warning (512): <span style="color:Red;text-align:left"><b>SQL Error:</b> 1062: Duplicate entry '1' for key 'usercode_UNIQUE'</span> in [C:\wamp\www\cake\cake\libs\model\datasources\dbo_source.php, line 684]
2012-03-19 03:02:00 Warning: Warning (512): <span style="color:Red;text-align:left"><b>SQL Error:</b> 1062: Duplicate entry '1' for key 'usercode_UNIQUE'</span> in [C:\wamp\www\cake\cake\libs\model\datasources\dbo_source.php, line 684]
2012-03-19 03:14:13 Warning: Warning (512): <span style="color:Red;text-align:left"><b>SQL Error:</b> 1054: Unknown column 'User.create_date' in 'where clause'</span> in [C:\wamp\www\cake\cake\libs\model\datasources\dbo_source.php, line 684]
2012-03-19 03:14:13 Warning: Warning (2): Invalid argument supplied for foreach() in [C:\wamp\www\itjp-project\views\users\admin_index.ctp, line 109]
2012-03-21 01:44:14 Warning: Warning (512): <span style="color:Red;text-align:left"><b>SQL Error:</b> 1062: Duplicate entry 'LTT002' for key 'usercode_UNIQUE'</span> in [C:\wamp\www\cake\cake\libs\model\datasources\dbo_source.php, line 684]
2012-03-21 01:46:38 Warning: Warning (512): <span style="color:Red;text-align:left"><b>SQL Error:</b> 1062: Duplicate entry 'LTT002' for key 'usercode_UNIQUE'</span> in [C:\wamp\www\cake\cake\libs\model\datasources\dbo_source.php, line 684]
2012-03-21 01:47:23 Warning: Warning (512): <span style="color:Red;text-align:left"><b>SQL Error:</b> 1062: Duplicate entry 'LTT002' for key 'usercode_UNIQUE'</span> in [C:\wamp\www\cake\cake\libs\model\datasources\dbo_source.php, line 684]
2012-03-23 07:55:37 Warning: Warning (2): define() expects at least 2 parameters, 1 given in [C:\wamp\www\itjp-project\config\constant.php, line 14]
2012-03-23 07:55:38 Warning: Warning (2): define() expects at least 2 parameters, 1 given in [C:\wamp\www\itjp-project\config\constant.php, line 14]
2012-03-23 07:55:38 Warning: Warning (2): define() expects at least 2 parameters, 1 given in [C:\wamp\www\itjp-project\config\constant.php, line 14]
2012-03-23 07:55:56 Warning: Warning (2): define() expects at least 2 parameters, 1 given in [C:\wamp\www\itjp-project\config\constant.php, line 14]
2012-03-23 07:55:56 Warning: Warning (2): define() expects at least 2 parameters, 1 given in [C:\wamp\www\itjp-project\config\constant.php, line 14]
2012-03-23 07:55:56 Warning: Warning (2): define() expects at least 2 parameters, 1 given in [C:\wamp\www\itjp-project\config\constant.php, line 14]
