2012-03-19 02:03:36 Log: Array
(
    [0] => Array
        (
            [User] => Array
                (
                    [id] => 4
                    [usercode] => 
                    [email] => admin@t09.com
                    [password] => a133cb607700eed8e06cd5ab5a12a482a7834055
                    [fullname] => Admin
                    [company_id] => 1
                    [phone] => 
                    [local_phone] => 126
                    [created_time] => 0000-00-00 00:00:00
                    [last_booked] => 0000-00-00 00:00:00
                    [last_access] => 2012-03-16 08:03:32
                    [ws_critical] => 0
                    [role] => 1
                    [status] => 2
                )

        )

)

2012-03-19 02:04:40 Log: Array
(
    [0] => Array
        (
            [User] => Array
                (
                    [id] => 4
                    [usercode] => 
                    [email] => admin@t09.com
                    [password] => a133cb607700eed8e06cd5ab5a12a482a7834055
                    [fullname] => Admin
                    [company_id] => 1
                    [phone] => 
                    [local_phone] => 126
                    [created_time] => 0000-00-00 00:00:00
                    [last_booked] => 0000-00-00 00:00:00
                    [last_access] => 2012-03-16 08:03:32
                    [ws_critical] => 0
                    [role] => 1
                    [status] => 2
                )

        )

)

2012-03-21 01:03:25 Log: Array
(
    [0] => Array
        (
            [User] => Array
                (
                    [id] => 4
                    [usercode] => NNN001
                    [email] => admin@t09.com
                    [password] => a133cb607700eed8e06cd5ab5a12a482a7834055
                    [fullname] => Admin
                    [company_id] => 1
                    [phone] => 
                    [local_phone] => 126
                    [created_time] => 0000-00-00 00:00:00
                    [last_booked] => 0000-00-00 00:00:00
                    [last_access] => 2012-03-16 08:03:32
                    [ws_critical] => 0
                    [role] => 1
                    [status] => 2
                )

            [Company] => Array
                (
                    [id] => 1
                    [code] => NNN
                    [name] => Other Company
                )

            [Request] => Array
                (
                )

        )

    [1] => Array
        (
            [User] => Array
                (
                    [id] => 7
                    [usercode] => FPT001
                    [email] => d.toan@t09.com
                    [password] => a133cb607700eed8e06cd5ab5a12a482a7834055
                    [fullname] => Dinh Toan
                    [company_id] => 3
                    [phone] => 
                    [local_phone] => 158
                    [created_time] => 2012-03-19 02:03:32
                    [last_booked] => 0000-00-00 00:00:00
                    [last_access] => 2012-03-19 02:03:32
                    [ws_critical] => 0
                    [role] => 1
                    [status] => 2
                )

            [Company] => Array
                (
                    [id] => 3
                    [code] => FPT
                    [name] => FPT Viet Nam
                )

            [Request] => Array
                (
                    [0] => Array
                        (
                            [id] => 1
                            [status] => 1
                            [roomid] => 1
                            [create_by] => 7
                            [create_time] => 2012-03-19 02:03:32
                            [note] => 
                            [update_by] => 4
                            [update_time] => 2012-03-19 02:03:32
                        )

                    [1] => Array
                        (
                            [id] => 2
                            [status] => 1
                            [roomid] => 2
                            [create_by] => 7
                            [create_time] => 2012-03-19 02:03:32
                            [note] => thu hang
                            [update_by] => 7
                            [update_time] => 2012-03-19 02:03:32
                        )

                )

        )

    [2] => Array
        (
            [User] => Array
                (
                    [id] => 13
                    [usercode] => LTT001
                    [email] => Oanh@t09.com
                    [password] => a9a15920514081b5c1e8e420cb174c8246bd1884
                    [fullname] => Nguyen Toan
                    [company_id] => 2
                    [phone] => 
                    [local_phone] => 132
                    [created_time] => 2012-03-19 03:03:40
                    [last_booked] => 0000-00-00 00:00:00
                    [last_access] => 2012-03-19 03:03:40
                    [ws_critical] => 0
                    [role] => 1
                    [status] => 2
                )

            [Company] => Array
                (
                    [id] => 2
                    [code] => LTT
                    [name] => Lifetimetech Ltd,.Co
                )

            [Request] => Array
                (
                )

        )

    [3] => Array
        (
            [User] => Array
                (
                    [id] => 14
                    [usercode] => LTT002
                    [email] => tuananah@t09.com
                    [password] => a133cb607700eed8e06cd5ab5a12a482a7834055
                    [fullname] => Tuan Anh
                    [company_id] => 2
                    [phone] => 
                    [local_phone] => 753
                    [created_time] => 2012-03-19 03:03:41
                    [last_booked] => 0000-00-00 00:00:00
                    [last_access] => 2012-03-19 03:03:41
                    [ws_critical] => 0
                    [role] => 1
                    [status] => 2
                )

            [Company] => Array
                (
                    [id] => 2
                    [code] => LTT
                    [name] => Lifetimetech Ltd,.Co
                )

            [Request] => Array
                (
                )

        )

    [4] => Array
        (
            [User] => Array
                (
                    [id] => 15
                    [usercode] => NEC004
                    [email] => v.toan@t09.com
                    [password] => a133cb607700eed8e06cd5ab5a12a482a7834055
                    [fullname] => Viet Toan
                    [company_id] => 4
                    [phone] => 
                    [local_phone] => 235
                    [created_time] => 2012-03-19 07:03:45
                    [last_booked] => 
                    [last_access] => 2012-03-19 07:03:07
                    [ws_critical] => -1
                    [role] => 1
                    [status] => 2
                )

            [Company] => Array
                (
                    [id] => 4
                    [code] => NEC
                    [name] => NEC Japan
                )

            [Request] => Array
                (
                )

        )

)

2012-03-21 01:09:37 Log: Array
(
    [0] => Array
        (
            [User] => Array
                (
                    [id] => 4
                    [usercode] => NNN001
                    [email] => admin@t09.com
                    [password] => a133cb607700eed8e06cd5ab5a12a482a7834055
                    [fullname] => Admin
                    [company_id] => 1
                    [phone] => 
                    [local_phone] => 126
                    [created_time] => 0000-00-00 00:00:00
                    [last_booked] => 0000-00-00 00:00:00
                    [last_access] => 2012-03-16 08:03:32
                    [ws_critical] => 0
                    [role] => 1
                    [status] => 2
                )

            [Company] => Array
                (
                    [id] => 1
                    [code] => NNN
                    [name] => Other Company
                )

            [Request] => Array
                (
                )

        )

    [1] => Array
        (
            [User] => Array
                (
                    [id] => 7
                    [usercode] => FPT001
                    [email] => d.toan@t09.com
                    [password] => a133cb607700eed8e06cd5ab5a12a482a7834055
                    [fullname] => Dinh Toan
                    [company_id] => 3
                    [phone] => 
                    [local_phone] => 158
                    [created_time] => 2012-03-19 02:03:32
                    [last_booked] => 0000-00-00 00:00:00
                    [last_access] => 2012-03-19 02:03:32
                    [ws_critical] => 0
                    [role] => 1
                    [status] => 2
                )

            [Company] => Array
                (
                    [id] => 3
                    [code] => FPT
                    [name] => FPT Viet Nam
                )

            [Request] => Array
                (
                    [0] => Array
                        (
                            [id] => 1
                            [status] => 1
                            [roomid] => 1
                            [create_by] => 7
                            [create_time] => 2012-03-19 02:03:32
                            [note] => 
                            [update_by] => 4
                            [update_time] => 2012-03-19 02:03:32
                        )

                    [1] => Array
                        (
                            [id] => 2
                            [status] => 1
                            [roomid] => 2
                            [create_by] => 7
                            [create_time] => 2012-03-19 02:03:32
                            [note] => thu hang
                            [update_by] => 7
                            [update_time] => 2012-03-19 02:03:32
                        )

                )

        )

    [2] => Array
        (
            [User] => Array
                (
                    [id] => 13
                    [usercode] => LTT001
                    [email] => Oanh@t09.com
                    [password] => a9a15920514081b5c1e8e420cb174c8246bd1884
                    [fullname] => Nguyen Toan
                    [company_id] => 2
                    [phone] => 
                    [local_phone] => 132
                    [created_time] => 2012-03-19 03:03:40
                    [last_booked] => 0000-00-00 00:00:00
                    [last_access] => 2012-03-19 03:03:40
                    [ws_critical] => 0
                    [role] => 1
                    [status] => 2
                )

            [Company] => Array
                (
                    [id] => 2
                    [code] => LTT
                    [name] => Lifetimetech Ltd,.Co
                )

            [Request] => Array
                (
                )

        )

    [3] => Array
        (
            [User] => Array
                (
                    [id] => 14
                    [usercode] => LTT002
                    [email] => tuananah@t09.com
                    [password] => a133cb607700eed8e06cd5ab5a12a482a7834055
                    [fullname] => Tuan Anh
                    [company_id] => 2
                    [phone] => 
                    [local_phone] => 753
                    [created_time] => 2012-03-19 03:03:41
                    [last_booked] => 0000-00-00 00:00:00
                    [last_access] => 2012-03-19 03:03:41
                    [ws_critical] => 0
                    [role] => 1
                    [status] => 2
                )

            [Company] => Array
                (
                    [id] => 2
                    [code] => LTT
                    [name] => Lifetimetech Ltd,.Co
                )

            [Request] => Array
                (
                )

        )

    [4] => Array
        (
            [User] => Array
                (
                    [id] => 15
                    [usercode] => NEC004
                    [email] => v.toan@t09.com
                    [password] => a133cb607700eed8e06cd5ab5a12a482a7834055
                    [fullname] => Viet Toan
                    [company_id] => 4
                    [phone] => 
                    [local_phone] => 235
                    [created_time] => 2012-03-19 07:03:45
                    [last_booked] => 
                    [last_access] => 2012-03-19 07:03:07
                    [ws_critical] => -1
                    [role] => 1
                    [status] => 2
                )

            [Company] => Array
                (
                    [id] => 4
                    [code] => NEC
                    [name] => NEC Japan
                )

            [Request] => Array
                (
                )

        )

)

2012-03-21 01:11:15 Log: Array
(
    [0] => Array
        (
            [User] => Array
                (
                    [id] => 4
                    [usercode] => NNN001
                    [email] => admin@t09.com
                    [password] => a133cb607700eed8e06cd5ab5a12a482a7834055
                    [fullname] => Admin
                    [company_id] => 1
                    [phone] => 
                    [local_phone] => 126
                    [created_time] => 0000-00-00 00:00:00
                    [last_booked] => 0000-00-00 00:00:00
                    [last_access] => 2012-03-16 08:03:32
                    [ws_critical] => 0
                    [role] => 1
                    [status] => 2
                )

            [Company] => Array
                (
                    [id] => 1
                    [code] => NNN
                    [name] => Other Company
                )

            [Request] => Array
                (
                )

        )

    [1] => Array
        (
            [User] => Array
                (
                    [id] => 7
                    [usercode] => FPT001
                    [email] => d.toan@t09.com
                    [password] => a133cb607700eed8e06cd5ab5a12a482a7834055
                    [fullname] => Dinh Toan
                    [company_id] => 3
                    [phone] => 
                    [local_phone] => 158
                    [created_time] => 2012-03-19 02:03:32
                    [last_booked] => 0000-00-00 00:00:00
                    [last_access] => 2012-03-19 02:03:32
                    [ws_critical] => 0
                    [role] => 1
                    [status] => 2
                )

            [Company] => Array
                (
                    [id] => 3
                    [code] => FPT
                    [name] => FPT Viet Nam
                )

            [Request] => Array
                (
                    [0] => Array
                        (
                            [id] => 1
                            [status] => 1
                            [roomid] => 1
                            [create_by] => 7
                            [create_time] => 2012-03-19 02:03:32
                            [note] => 
                            [update_by] => 4
                            [update_time] => 2012-03-19 02:03:32
                        )

                    [1] => Array
                        (
                            [id] => 2
                            [status] => 1
                            [roomid] => 2
                            [create_by] => 7
                            [create_time] => 2012-03-19 02:03:32
                            [note] => thu hang
                            [update_by] => 7
                            [update_time] => 2012-03-19 02:03:32
                        )

                )

        )

    [2] => Array
        (
            [User] => Array
                (
                    [id] => 13
                    [usercode] => LTT001
                    [email] => Oanh@t09.com
                    [password] => a9a15920514081b5c1e8e420cb174c8246bd1884
                    [fullname] => Nguyen Toan
                    [company_id] => 2
                    [phone] => 
                    [local_phone] => 132
                    [created_time] => 2012-03-19 03:03:40
                    [last_booked] => 0000-00-00 00:00:00
                    [last_access] => 2012-03-19 03:03:40
                    [ws_critical] => 0
                    [role] => 1
                    [status] => 2
                )

            [Company] => Array
                (
                    [id] => 2
                    [code] => LTT
                    [name] => Lifetimetech Ltd,.Co
                )

            [Request] => Array
                (
                )

        )

    [3] => Array
        (
            [User] => Array
                (
                    [id] => 14
                    [usercode] => LTT002
                    [email] => tuananah@t09.com
                    [password] => a133cb607700eed8e06cd5ab5a12a482a7834055
                    [fullname] => Tuan Anh
                    [company_id] => 2
                    [phone] => 
                    [local_phone] => 753
                    [created_time] => 2012-03-19 03:03:41
                    [last_booked] => 0000-00-00 00:00:00
                    [last_access] => 2012-03-19 03:03:41
                    [ws_critical] => 0
                    [role] => 1
                    [status] => 2
                )

            [Company] => Array
                (
                    [id] => 2
                    [code] => LTT
                    [name] => Lifetimetech Ltd,.Co
                )

            [Request] => Array
                (
                )

        )

    [4] => Array
        (
            [User] => Array
                (
                    [id] => 15
                    [usercode] => NEC004
                    [email] => v.toan@t09.com
                    [password] => a133cb607700eed8e06cd5ab5a12a482a7834055
                    [fullname] => Viet Toan
                    [company_id] => 4
                    [phone] => 
                    [local_phone] => 235
                    [created_time] => 2012-03-19 07:03:45
                    [last_booked] => 
                    [last_access] => 2012-03-19 07:03:07
                    [ws_critical] => -1
                    [role] => 1
                    [status] => 2
                )

            [Company] => Array
                (
                    [id] => 4
                    [code] => NEC
                    [name] => NEC Japan
                )

            [Request] => Array
                (
                )

        )

)

